<?xml version="1.0" encoding="UTF-8"?>
<!-- Generated by org.testng.reporters.JUnitReportReporter -->
<testsuite skipped="0" hostname="BDC6-LX-F27P5E2" name="testNGpractice.Machina" tests="1" failures="0" timestamp="2021-02-28T10:13:49 IST" time="0.001" errors="0">
  <testcase name="add" time="0.001" classname="testNGpractice.Machina"/>
  <system-out/>
</testsuite> <!-- testNGpractice.Machina -->
