<?xml version="1.0" encoding="UTF-8"?>
<!-- Generated by org.testng.reporters.JUnitReportReporter -->
<testsuite skipped="0" hostname="BDC6-LX-F27P5E2" name="testNGpractice.Machina" tests="6" failures="0" timestamp="2021-02-28T21:25:15 IST" time="0.004" errors="0">
  <testcase name="add1" time="0.001" classname="testNGpractice.Machina"/>
  <system-out/>
  <testcase name="sub" time="0.000" classname="testNGpractice.Machina"/>
  <system-out/>
  <testcase name="add2" time="0.001" classname="testNGpractice.Machina"/>
  <system-out/>
  <testcase name="su1b" time="0.001" classname="testNGpractice.Machina"/>
  <system-out/>
  <testcase name="su1b" time="0.000" classname="testNGpractice.Machina"/>
  <system-out/>
  <testcase name="add" time="0.001" classname="testNGpractice.Machina"/>
  <system-out/>
</testsuite> <!-- testNGpractice.Machina -->
