<?xml version="1.0" encoding="UTF-8"?>
<!-- Generated by org.testng.reporters.JUnitReportReporter -->
<testsuite skipped="0" hostname="BDC6-LX-F27P5E2" name="testNGpractice.TestNG" tests="2" failures="0" timestamp="2021-02-28T21:25:15 IST" time="0.016" errors="0">
  <testcase name="disH" time="0.016" classname="testNGpractice.TestNG"/>
  <system-out/>
  <testcase name="divq" time="0.000" classname="testNGpractice.TestNG"/>
  <system-out/>
</testsuite> <!-- testNGpractice.TestNG -->
