<?xml version="1.0" encoding="UTF-8"?>
<!-- Generated by org.testng.reporters.JUnitReportReporter -->
<testsuite hostname="BDC6-LX-F27P5E2" name="ExplicitWait" tests="1" failures="0" timestamp="11 Jun 2021 01:21:38 GMT" time="9.934" errors="0">
  <testcase name="f" time="9.934" classname="ExplicitWait"/>
</testsuite> <!-- ExplicitWait -->
