<?xml version="1.0" encoding="UTF-8"?>
<!-- Generated by org.testng.reporters.JUnitReportReporter -->
<testsuite hostname="BDC6-LX-F27P5E2" name="utilities.NewTest" tests="1" failures="0" timestamp="27 Apr 2021 13:46:47 GMT" time="8.369" errors="0">
  <testcase name="f" time="8.369" classname="utilities.NewTest"/>
</testsuite> <!-- utilities.NewTest -->
