<?xml version="1.0" encoding="UTF-8"?>
<!-- Generated by org.testng.reporters.JUnitReportReporter -->
<testsuite hostname="BDC6-LX-F27P5E2" name="streams.Cmd" tests="1" failures="0" timestamp="9 Mar 2021 17:37:32 GMT" time="8.077" errors="0">
  <testcase name="add" time="8.077" classname="streams.Cmd"/>
</testsuite> <!-- streams.Cmd -->
