<?xml version="1.0" encoding="UTF-8"?>
<!-- Generated by org.testng.reporters.JUnitReportReporter -->
<testsuite hostname="BDC6-LX-F27P5E2" name="utilities.ConsoleLog" tests="1" failures="0" timestamp="21 May 2021 11:31:08 GMT" time="8.413" errors="0">
  <testcase name="f" time="8.413" classname="utilities.ConsoleLog"/>
</testsuite> <!-- utilities.ConsoleLog -->
