<?xml version="1.0" encoding="UTF-8"?>
<!-- Generated by org.testng.reporters.JUnitReportReporter -->
<testsuite hostname="BDC6-LX-F27P5E2" name="org.SeleniumPlus.LoginTestMe" tests="2" failures="0" timestamp="5 Oct 2020 10:57:24 GMT" time="10.318" errors="0">
  <testcase name="login" time="6.949" classname="org.SeleniumPlus.LoginTestMe"/>
  <testcase name="search_product" time="3.369" classname="org.SeleniumPlus.LoginTestMe"/>
</testsuite> <!-- org.SeleniumPlus.LoginTestMe -->
