<?xml version="1.0" encoding="UTF-8"?>
<!-- Generated by org.testng.reporters.JUnitReportReporter -->
<testsuite hostname="BDC6-LX-F27P5E2" name="utilities.NewTest" tests="1" failures="0" timestamp="7 Apr 2021 01:01:45 GMT" time="8.978" errors="0">
  <testcase name="f" time="8.978" classname="utilities.NewTest"/>
</testsuite> <!-- utilities.NewTest -->
