<?xml version="1.0" encoding="UTF-8"?>
<!-- Generated by org.testng.reporters.JUnitReportReporter -->
<testsuite hostname="BDC6-LX-F27P5E2" name="exceldemo.DataDrivenTest" tests="2" failures="0" timestamp="5 Nov 2020 13:11:24 GMT" time="19.879" errors="0">
  <testcase name="login" time="18.042" classname="exceldemo.DataDrivenTest"/>
  <testcase name="sinout" time="1.837" classname="exceldemo.DataDrivenTest"/>
</testsuite> <!-- exceldemo.DataDrivenTest -->
