<?xml version="1.0" encoding="UTF-8"?>
<!-- Generated by org.testng.reporters.JUnitReportReporter -->
<testsuite hostname="DESKTOP-7O1BAFJ" failures="0" tests="1" name="practice.test.NewTest" time="0.009" errors="0" timestamp="2022-09-24T23:30:39 PDT" skipped="0">
  <testcase classname="practice.test.NewTest" name="testMethod1" time="0.009"/>
  <system-out/>
</testsuite> <!-- practice.test.NewTest -->
